<?xml version="1.0" encoding="UTF-8"?>
<testsuite name="DemoTest" tests="1" skipped="0" failures="0" errors="0" timestamp="2022-05-05T02:38:01" hostname="xiaomeiqideMacBook-Pro.local" time="0.02">
  <properties/>
  <testcase name="test()" classname="DemoTest" time="0.02"/>
  <system-out><![CDATA[]]></system-out>
  <system-err><![CDATA[]]></system-err>
</testsuite>
